<?xml version="1.0" encoding="UTF-8"?>
<!-- Generated by org.testng.reporters.JUnitXMLReporter -->
<testsuite hostname="LAPTOP-JTNN1PTL" ignored="0" name="Default test" tests="4" failures="0" timestamp="2021-05-14T07:51:24 EDT" time="41.328" errors="0">
  <testcase name="DDDDD" time="0.034" classname="Academy.HomePage"/>
  <testcase name="basePageNavigation" time="19.075" classname="Academy.HomePage"/>
  <testcase name="basePageNavigation" time="10.51" classname="Academy.HomePage"/>
  <testcase name="basePageNavigation" time="10.819" classname="Academy.HomePage"/>
</testsuite> <!-- Default test -->
